Started by user [8mha:////4G9kPLeaG9+uSWkfpuZLoFKxIZ3CfN0pRNHTDjFGbSwEAAAAlR+LCAAAAAAAAP9b85aBtbiIQTGjNKU4P08vOT+vOD8nVc83PyU1x6OyILUoJzMv2y+/JJUBAhiZGBgqihhk0NSjKDWzXb3RdlLBUSYGJk8GtpzUvPSSDB8G5tKinBIGIZ+sxLJE/ZzEvHT94JKizLx0a6BxUmjGOUNodHsLgAzmEgZO/dLi1CL9xKRkAGDVhlq+AAAA[0mabc
Running as SYSTEM
Building on master in workspace /var/lib/jenkins/workspace/deploy_to_tomcat_from_jenkins
The recommended git tool is: NONE
No credentials specified
 > git rev-parse --resolve-git-dir /var/lib/jenkins/workspace/deploy_to_tomcat_from_jenkins/.git # timeout=10
Fetching changes from the remote Git repository
 > git config remote.origin.url https://github.com/santhoshgithub1/samplewar.git # timeout=10
Fetching upstream changes from https://github.com/santhoshgithub1/samplewar.git
 > git --version # timeout=10
 > git --version # 'git version 2.27.0'
 > git fetch --tags --force --progress -- https://github.com/santhoshgithub1/samplewar.git +refs/heads/*:refs/remotes/origin/* # timeout=10
 > git rev-parse refs/remotes/origin/main^{commit} # timeout=10
Checking out Revision 65ed268aeb44e4db41adaa60ce865faec3b38be9 (refs/remotes/origin/main)
 > git config core.sparsecheckout # timeout=10
 > git checkout -f 65ed268aeb44e4db41adaa60ce865faec3b38be9 # timeout=10
Commit message: "Delete file"
 > git rev-list --no-walk 65ed268aeb44e4db41adaa60ce865faec3b38be9 # timeout=10
[deploy_to_tomcat_from_jenkins] $ /bin/sh -xe /tmp/jenkins488575581548145338.sh
+ date
Sun Feb 27 18:24:39 UTC 2022
ERROR: Step â€˜Deploy war/ear to a containerâ€™ aborted due to exception: 
java.lang.InterruptedException: [DeployPublisher][WARN] No wars found. Deploy aborted. %n
	at hudson.plugins.deploy.DeployPublisher.perform(DeployPublisher.java:107)
	at jenkins.tasks.SimpleBuildStep.perform(SimpleBuildStep.java:123)
	at hudson.tasks.BuildStepCompatibilityLayer.perform(BuildStepCompatibilityLayer.java:80)
	at hudson.tasks.BuildStepMonitor$3.perform(BuildStepMonitor.java:45)
	at hudson.model.AbstractBuild$AbstractBuildExecution.perform(AbstractBuild.java:803)
	at hudson.model.AbstractBuild$AbstractBuildExecution.performAllBuildSteps(AbstractBuild.java:752)
	at hudson.model.Build$BuildExecution.post2(Build.java:177)
	at hudson.model.AbstractBuild$AbstractBuildExecution.post(AbstractBuild.java:697)
	at hudson.model.Run.execute(Run.java:1931)
	at hudson.model.FreeStyleBuild.run(FreeStyleBuild.java:43)
	at hudson.model.ResourceController.execute(ResourceController.java:97)
	at hudson.model.Executor.run(Executor.java:429)
Finished: FAILURE
