Started by user [8mha:////4G9kPLeaG9+uSWkfpuZLoFKxIZ3CfN0pRNHTDjFGbSwEAAAAlR+LCAAAAAAAAP9b85aBtbiIQTGjNKU4P08vOT+vOD8nVc83PyU1x6OyILUoJzMv2y+/JJUBAhiZGBgqihhk0NSjKDWzXb3RdlLBUSYGJk8GtpzUvPSSDB8G5tKinBIGIZ+sxLJE/ZzEvHT94JKizLx0a6BxUmjGOUNodHsLgAzmEgZO/dLi1CL9xKRkAGDVhlq+AAAA[0mabc
Running as SYSTEM
Building on master in workspace /var/lib/jenkins/workspace/deploy_to_tomcat_from_jenkins
The recommended git tool is: NONE
using credential abea119b-337a-4e5d-94c5-0dfe2ebf5bc6
 > git rev-parse --resolve-git-dir /var/lib/jenkins/workspace/deploy_to_tomcat_from_jenkins/.git # timeout=10
Fetching changes from the remote Git repository
 > git config remote.origin.url https://github.com/santhoshgithub1/pom.git # timeout=10
Fetching upstream changes from https://github.com/santhoshgithub1/pom.git
 > git --version # timeout=10
 > git --version # 'git version 2.27.0'
using GIT_SSH to set credentials 
[INFO] Currently running in a labeled security context
[INFO] Currently SELinux is 'enforcing' on the host
 > /usr/bin/chcon --type=ssh_home_t /var/lib/jenkins/workspace/deploy_to_tomcat_from_jenkins@tmp/jenkins-gitclient-ssh2494633048506168520.key
 > git fetch --tags --force --progress -- https://github.com/santhoshgithub1/pom.git +refs/heads/*:refs/remotes/origin/* # timeout=10
 > git rev-parse refs/remotes/origin/main^{commit} # timeout=10
Checking out Revision 495c6d6538ed1c0d0b4970a8c26f2bba997f6533 (refs/remotes/origin/main)
 > git config core.sparsecheckout # timeout=10
 > git checkout -f 495c6d6538ed1c0d0b4970a8c26f2bba997f6533 # timeout=10
Commit message: "Update pom.xml"
 > git rev-list --no-walk 495c6d6538ed1c0d0b4970a8c26f2bba997f6533 # timeout=10
[deploy_to_tomcat_from_jenkins] $ /bin/sh -xe /tmp/jenkins3239320738981585786.sh
+ mvn clean package
[INFO] Scanning for projects...
[INFO] 
[INFO] -------------< org.jacoco:org.jacoco.examples.maven.java >--------------
[INFO] Building JaCoCo Maven plug-in example for Java project 1.0-SNAPSHOT
[INFO] --------------------------------[ jar ]---------------------------------
[INFO] 
[INFO] --- maven-clean-plugin:2.5:clean (default-clean) @ org.jacoco.examples.maven.java ---
[INFO] Deleting /var/lib/jenkins/workspace/deploy_to_tomcat_from_jenkins/target
[INFO] 
[INFO] --- jacoco-maven-plugin:0.8.7:prepare-agent (default) @ org.jacoco.examples.maven.java ---
[INFO] argLine set to -javaagent:/root/.m2/repository/org/jacoco/org.jacoco.agent/0.8.7/org.jacoco.agent-0.8.7-runtime.jar=destfile=/var/lib/jenkins/workspace/deploy_to_tomcat_from_jenkins/target/jacoco.exec
[INFO] 
[INFO] --- maven-resources-plugin:2.6:resources (default-resources) @ org.jacoco.examples.maven.java ---
[INFO] Using 'UTF-8' encoding to copy filtered resources.
[INFO] skip non existing resourceDirectory /var/lib/jenkins/workspace/deploy_to_tomcat_from_jenkins/src/main/resources
[INFO] 
[INFO] --- maven-compiler-plugin:3.8.1:compile (default-compile) @ org.jacoco.examples.maven.java ---
[INFO] No sources to compile
[INFO] 
[INFO] --- maven-resources-plugin:2.6:testResources (default-testResources) @ org.jacoco.examples.maven.java ---
[INFO] Using 'UTF-8' encoding to copy filtered resources.
[INFO] skip non existing resourceDirectory /var/lib/jenkins/workspace/deploy_to_tomcat_from_jenkins/src/test/resources
[INFO] 
[INFO] --- maven-compiler-plugin:3.8.1:testCompile (default-testCompile) @ org.jacoco.examples.maven.java ---
[INFO] No sources to compile
[INFO] 
[INFO] --- maven-surefire-plugin:2.12.4:test (default-test) @ org.jacoco.examples.maven.java ---
[INFO] No tests to run.
[INFO] 
[INFO] --- jacoco-maven-plugin:0.8.7:report (report) @ org.jacoco.examples.maven.java ---
[INFO] Skipping JaCoCo execution due to missing execution data file.
[INFO] 
[INFO] --- maven-jar-plugin:2.4:jar (default-jar) @ org.jacoco.examples.maven.java ---
[WARNING] JAR will be empty - no content was marked for inclusion!
[INFO] Building jar: /var/lib/jenkins/workspace/deploy_to_tomcat_from_jenkins/target/org.jacoco.examples.maven.java-1.0-SNAPSHOT.jar
[INFO] ------------------------------------------------------------------------
[INFO] BUILD SUCCESS
[INFO] ------------------------------------------------------------------------
[INFO] Total time: 4.609 s
[INFO] Finished at: 2022-02-28T01:39:30Z
[INFO] ------------------------------------------------------------------------
ERROR: Step â€˜Deploy war/ear to a containerâ€™ aborted due to exception: 
java.lang.InterruptedException: [DeployPublisher][WARN] No wars found. Deploy aborted. %n
	at hudson.plugins.deploy.DeployPublisher.perform(DeployPublisher.java:107)
	at jenkins.tasks.SimpleBuildStep.perform(SimpleBuildStep.java:123)
	at hudson.tasks.BuildStepCompatibilityLayer.perform(BuildStepCompatibilityLayer.java:80)
	at hudson.tasks.BuildStepMonitor$3.perform(BuildStepMonitor.java:45)
	at hudson.model.AbstractBuild$AbstractBuildExecution.perform(AbstractBuild.java:803)
	at hudson.model.AbstractBuild$AbstractBuildExecution.performAllBuildSteps(AbstractBuild.java:752)
	at hudson.model.Build$BuildExecution.post2(Build.java:177)
	at hudson.model.AbstractBuild$AbstractBuildExecution.post(AbstractBuild.java:697)
	at hudson.model.Run.execute(Run.java:1931)
	at hudson.model.FreeStyleBuild.run(FreeStyleBuild.java:43)
	at hudson.model.ResourceController.execute(ResourceController.java:97)
	at hudson.model.Executor.run(Executor.java:429)
Finished: FAILURE
