Started by user [8mha:////4G9kPLeaG9+uSWkfpuZLoFKxIZ3CfN0pRNHTDjFGbSwEAAAAlR+LCAAAAAAAAP9b85aBtbiIQTGjNKU4P08vOT+vOD8nVc83PyU1x6OyILUoJzMv2y+/JJUBAhiZGBgqihhk0NSjKDWzXb3RdlLBUSYGJk8GtpzUvPSSDB8G5tKinBIGIZ+sxLJE/ZzEvHT94JKizLx0a6BxUmjGOUNodHsLgAzmEgZO/dLi1CL9xKRkAGDVhlq+AAAA[0mabc
Running as SYSTEM
Building remotely on [8mha:////4Ed7umuX/o2s88KutHlKx6gasW2573dxLcPOq/udUFatAAAAoB+LCAAAAAAAAP9b85aBtbiIQTGjNKU4P08vOT+vOD8nVc83PyU1x6OyILUoJzMv2y+/JJUBAhiZGBgqihhk0NSjKDWzXb3RdlLBUSYGJk8GtpzUvPSSDB8G5tKinBIGIZ+sxLJE/ZzEvHT94JKizLx0a6BxUmjGOUNodHsLgAzuEgZR/eT83ILSktQi/eKcxLLU+Dygaw0Bywek0soAAAA=[0mslave_node1 in workspace /opt/jenkins/workspace/deploy_to_tomcat_from_jenkins
The recommended git tool is: NONE
No credentials specified
 > git rev-parse --resolve-git-dir /opt/jenkins/workspace/deploy_to_tomcat_from_jenkins/.git # timeout=10
Fetching changes from the remote Git repository
 > git config remote.origin.url https://github.com/santhoshgithub1/samplewar.git # timeout=10
Fetching upstream changes from https://github.com/santhoshgithub1/samplewar.git
 > git --version # timeout=10
 > git --version # 'git version 2.27.0'
 > git fetch --tags --force --progress -- https://github.com/santhoshgithub1/samplewar.git +refs/heads/*:refs/remotes/origin/* # timeout=10
 > git rev-parse refs/remotes/origin/main^{commit} # timeout=10
Checking out Revision 67f52c2d8dcfb04b0feb2b3523da233fe5d6edd0 (refs/remotes/origin/main)
 > git config core.sparsecheckout # timeout=10
 > git checkout -f 67f52c2d8dcfb04b0feb2b3523da233fe5d6edd0 # timeout=10
Commit message: "warfile"
 > git rev-list --no-walk 67f52c2d8dcfb04b0feb2b3523da233fe5d6edd0 # timeout=10
[deploy_to_tomcat_from_jenkins] $ /bin/sh -xe /tmp/jenkins6931754709200190017.sh
+ cd /opt/jenkins/
+ mvn
[INFO] Scanning for projects...
[INFO] ------------------------------------------------------------------------
[INFO] BUILD FAILURE
[INFO] ------------------------------------------------------------------------
[INFO] Total time: 0.197 s
[INFO] Finished at: 2022-02-28T06:30:52Z
[INFO] ------------------------------------------------------------------------
[ERROR] No goals have been specified for this build. You must specify a valid lifecycle phase or a goal in the format <plugin-prefix>:<goal> or <plugin-group-id>:<plugin-artifact-id>[:<plugin-version>]:<goal>. Available lifecycle phases are: validate, initialize, generate-sources, process-sources, generate-resources, process-resources, compile, process-classes, generate-test-sources, process-test-sources, generate-test-resources, process-test-resources, test-compile, process-test-classes, test, prepare-package, package, pre-integration-test, integration-test, post-integration-test, verify, install, deploy, pre-clean, clean, post-clean, pre-site, site, post-site, site-deploy. -> [Help 1]
[ERROR] 
[ERROR] To see the full stack trace of the errors, re-run Maven with the -e switch.
[ERROR] Re-run Maven using the -X switch to enable full debug logging.
[ERROR] 
[ERROR] For more information about the errors and possible solutions, please read the following articles:
[ERROR] [Help 1] http://cwiki.apache.org/confluence/display/MAVEN/NoGoalSpecifiedException
Build step 'Execute shell' marked build as failure
Finished: FAILURE
