Started by user [8mha:////4G9kPLeaG9+uSWkfpuZLoFKxIZ3CfN0pRNHTDjFGbSwEAAAAlR+LCAAAAAAAAP9b85aBtbiIQTGjNKU4P08vOT+vOD8nVc83PyU1x6OyILUoJzMv2y+/JJUBAhiZGBgqihhk0NSjKDWzXb3RdlLBUSYGJk8GtpzUvPSSDB8G5tKinBIGIZ+sxLJE/ZzEvHT94JKizLx0a6BxUmjGOUNodHsLgAzmEgZO/dLi1CL9xKRkAGDVhlq+AAAA[0mabc
Running as SYSTEM
Building on master in workspace /var/lib/jenkins/workspace/c-project1
The recommended git tool is: NONE
No credentials specified
 > git rev-parse --resolve-git-dir /var/lib/jenkins/workspace/c-project1/.git # timeout=10
Fetching changes from the remote Git repository
 > git config remote.origin.url https://github.com/santhoshgithub1/c-project.git # timeout=10
Fetching upstream changes from https://github.com/santhoshgithub1/c-project.git
 > git --version # timeout=10
 > git --version # 'git version 2.27.0'
 > git fetch --tags --force --progress -- https://github.com/santhoshgithub1/c-project.git +refs/heads/*:refs/remotes/origin/* # timeout=10
 > git rev-parse refs/remotes/origin/master^{commit} # timeout=10
Checking out Revision f247add1da3280cf1747a62298ec4878eb7d6160 (refs/remotes/origin/master)
 > git config core.sparsecheckout # timeout=10
 > git checkout -f f247add1da3280cf1747a62298ec4878eb7d6160 # timeout=10
Commit message: "Update big2.c"
 > git rev-list --no-walk f3fac5c7b56faa2397fa913bbc4660928df192e6 # timeout=10
[c-project1] $ /bin/sh -xe /tmp/jenkins8897268798972780848.sh
+ make
gcc -c main.c
main.c:1:1: warning: return type defaults to â€˜intâ€™ [-Wimplicit-int]
 main() {
 ^~~~
main.c: In function â€˜mainâ€™:
main.c:3:2: warning: implicit declaration of function â€˜biggest2â€™ [-Wimplicit-function-declaration]
  biggest2();
  ^~~~~~~~
main.c:4:2: warning: implicit declaration of function â€˜biggest3â€™ [-Wimplicit-function-declaration]
  biggest3();
  ^~~~~~~~
main.c:5:2: warning: implicit declaration of function â€˜factorialâ€™ [-Wimplicit-function-declaration]
  factorial();
  ^~~~~~~~~
main.c:6:2: warning: implicit declaration of function â€˜fibanaciâ€™ [-Wimplicit-function-declaration]
  fibanaci();
  ^~~~~~~~
main.c:7:2: warning: implicit declaration of function â€˜pallindromeâ€™ [-Wimplicit-function-declaration]
  pallindrome();
  ^~~~~~~~~~~
main.c:8:2: warning: implicit declaration of function â€˜reverseâ€™ [-Wimplicit-function-declaration]
  reverse();
  ^~~~~~~
main.c:9:2: warning: implicit declaration of function â€˜sortingâ€™ [-Wimplicit-function-declaration]
  sorting();
  ^~~~~~~
main.c:10:2: warning: implicit declaration of function â€˜sumoftwoâ€™ [-Wimplicit-function-declaration]
  sumoftwo();
  ^~~~~~~~
gcc -c big2.c
big2.c:1:10: fatal error: stdio.h: No such file or directory
 #include <stdio.h>
          ^~~~~~~~~
compilation terminated.
make: *** [makefile:6: big2.o] Error 1
Build step 'Execute shell' marked build as failure
Finished: FAILURE
